This is pdfTeX, Version 3.141592653-2.6-1.40.25 (MiKTeX 23.10) (preloaded format=pdflatex 2023.11.2)  22 NOV 2023 22:13
entering extended mode
 restricted \write18 enabled.
 %&-line parsing enabled.
**./Doc_Ranking_cadastro.tex
(Doc_Ranking_cadastro.tex
LaTeX2e <2023-06-01> patch level 1
L3 programming layer <2023-08-29>
(C:\Program Files\MiKTeX\tex/latex/base\article.cls
Document Class: article 2023/05/17 v1.4n Standard LaTeX document class
(C:\Program Files\MiKTeX\tex/latex/base\size10.clo
File: size10.clo 2023/05/17 v1.4n Standard LaTeX file (size option)
)
\c@part=\count185
\c@section=\count186
\c@subsection=\count187
\c@subsubsection=\count188
\c@paragraph=\count189
\c@subparagraph=\count190
\c@figure=\count191
\c@table=\count192
\abovecaptionskip=\skip48
\belowcaptionskip=\skip49
\bibindent=\dimen140
)
(C:\Program Files\MiKTeX\tex/latex/geometry\geometry.sty
Package: geometry 2020/01/02 v5.9 Page Geometry

(C:\Program Files\MiKTeX\tex/latex/graphics\keyval.sty
Package: keyval 2022/05/29 v1.15 key=value parser (DPC)
\KV@toks@=\toks17
)
(C:\Program Files\MiKTeX\tex/generic/iftex\ifvtex.sty
Package: ifvtex 2019/10/25 v1.7 ifvtex legacy package. Use iftex instead.

(C:\Program Files\MiKTeX\tex/generic/iftex\iftex.sty
Package: iftex 2022/02/03 v1.0f TeX engine tests
))
\Gm@cnth=\count193
\Gm@cntv=\count194
\c@Gm@tempcnt=\count195
\Gm@bindingoffset=\dimen141
\Gm@wd@mp=\dimen142
\Gm@odd@mp=\dimen143
\Gm@even@mp=\dimen144
\Gm@layoutwidth=\dimen145
\Gm@layoutheight=\dimen146
\Gm@layouthoffset=\dimen147
\Gm@layoutvoffset=\dimen148
\Gm@dimlist=\toks18

(C:\Program Files\MiKTeX\tex/latex/geometry\geometry.cfg))
(C:\Program Files\MiKTeX\tex/latex/tools\tabularx.sty
Package: tabularx 2020/01/15 v2.11c `tabularx' package (DPC)

(C:\Program Files\MiKTeX\tex/latex/tools\array.sty
Package: array 2022/09/04 v2.5g Tabular extension package (FMi)
\col@sep=\dimen149
\ar@mcellbox=\box51
\extrarowheight=\dimen150
\NC@list=\toks19
\extratabsurround=\skip50
\backup@length=\skip51
\ar@cellbox=\box52
)
\TX@col@width=\dimen151
\TX@old@table=\dimen152
\TX@old@col=\dimen153
\TX@target=\dimen154
\TX@delta=\dimen155
\TX@cols=\count196
\TX@ftn=\toks20
)
(C:\Program Files\MiKTeX\tex/latex/multirow\multirow.sty
Package: multirow 2021/03/15 v2.8 Span multiple rows of a table
\multirow@colwidth=\skip52
\multirow@cntb=\count197
\multirow@dima=\skip53
\bigstrutjot=\dimen156
)
(C:\Program Files\MiKTeX\tex/latex/makecell\makecell.sty
Package: makecell 2009/08/03 V0.1e Managing of Tab Column Heads and Cells
\rotheadsize=\dimen157
\c@nlinenum=\count198
\TeXr@lab=\toks21
)
(C:\Program Files\MiKTeX\tex/latex/titlesec\titlesec.sty
Package: titlesec 2023/10/27 v2.16 Sectioning titles
\ttl@box=\box53
\beforetitleunit=\skip54
\aftertitleunit=\skip55
\ttl@plus=\dimen158
\ttl@minus=\dimen159
\ttl@toksa=\toks22
\titlewidth=\dimen160
\titlewidthlast=\dimen161
\titlewidthfirst=\dimen162
)
(C:\Program Files\MiKTeX\tex/latex/setspace\setspace.sty
Package: setspace 2022/12/04 v6.7b set line spacing
)
(C:\Program Files\MiKTeX\tex/latex/titlesec\titletoc.sty
Package: titletoc 2023/10/27 v2.16 TOC entries
\ttl@leftsep=\dimen163
)
(C:\Program Files\MiKTeX\tex/latex/caption\caption.sty
Package: caption 2023/08/05 v3.6o Customizing captions (AR)

(C:\Program Files\MiKTeX\tex/latex/caption\caption3.sty
Package: caption3 2023/07/31 v2.4d caption3 kernel (AR)
\caption@tempdima=\dimen164
\captionmargin=\dimen165
\caption@leftmargin=\dimen166
\caption@rightmargin=\dimen167
\caption@width=\dimen168
\caption@indent=\dimen169
\caption@parindent=\dimen170
\caption@hangindent=\dimen171
Package caption Info: Standard document class detected.
)
\c@caption@flags=\count199
\c@continuedfloat=\count266
)
(C:\Program Files\MiKTeX\tex/latex/graphics\graphicx.sty
Package: graphicx 2021/09/16 v1.2d Enhanced LaTeX Graphics (DPC,SPQR)

(C:\Program Files\MiKTeX\tex/latex/graphics\graphics.sty
Package: graphics 2022/03/10 v1.4e Standard LaTeX Graphics (DPC,SPQR)

(C:\Program Files\MiKTeX\tex/latex/graphics\trig.sty
Package: trig 2021/08/11 v1.11 sin cos tan (DPC)
)
(C:\Program Files\MiKTeX\tex/latex/graphics-cfg\graphics.cfg
File: graphics.cfg 2016/06/04 v1.11 sample graphics configuration
)
Package graphics Info: Driver file: pdftex.def on input line 107.

(C:\Program Files\MiKTeX\tex/latex/graphics-def\pdftex.def
File: pdftex.def 2022/09/22 v1.2b Graphics/color driver for pdftex
))
\Gin@req@height=\dimen172
\Gin@req@width=\dimen173
)
(C:\Program Files\MiKTeX\tex/latex/enumitem\enumitem.sty
Package: enumitem 2019/06/20 v3.9 Customized lists
\labelindent=\skip56
\enit@outerparindent=\dimen174
\enit@toks=\toks23
\enit@inbox=\box54
\enit@count@id=\count267
\enitdp@description=\count268
)
(C:\Program Files\MiKTeX\tex/latex/tools\bm.sty
Package: bm 2022/01/05 v1.2f Bold Symbol Support (DPC/FMi)
\symboldoperators=\mathgroup4
\symboldletters=\mathgroup5
\symboldsymbols=\mathgroup6
Package bm Info: No bold for \OMX/cmex/m/n, using \pmb.
LaTeX Font Info:    Redeclaring math alphabet \mathbf on input line 149.
)
(C:\Program Files\MiKTeX\tex/latex/l3backend\l3backend-pdftex.def
File: l3backend-pdftex.def 2023-04-19 L3 backend support: PDF output (pdfTeX)
\l__color_backend_stack_int=\count269
\l__pdf_internal_box=\box55
)
(Doc_Ranking_cadastro.aux)
\openout1 = `Doc_Ranking_cadastro.aux'.

LaTeX Font Info:    Checking defaults for OML/cmm/m/it on input line 34.
LaTeX Font Info:    ... okay on input line 34.
LaTeX Font Info:    Checking defaults for OMS/cmsy/m/n on input line 34.
LaTeX Font Info:    ... okay on input line 34.
LaTeX Font Info:    Checking defaults for OT1/cmr/m/n on input line 34.
LaTeX Font Info:    ... okay on input line 34.
LaTeX Font Info:    Checking defaults for T1/cmr/m/n on input line 34.
LaTeX Font Info:    ... okay on input line 34.
LaTeX Font Info:    Checking defaults for TS1/cmr/m/n on input line 34.
LaTeX Font Info:    ... okay on input line 34.
LaTeX Font Info:    Checking defaults for OMX/cmex/m/n on input line 34.
LaTeX Font Info:    ... okay on input line 34.
LaTeX Font Info:    Checking defaults for U/cmr/m/n on input line 34.
LaTeX Font Info:    ... okay on input line 34.

*geometry* driver: auto-detecting
*geometry* detected driver: pdftex
*geometry* verbose mode - [ preamble ] result:
* driver: pdftex
* paper: a4paper
* layout: <same size as paper>
* layoutoffset:(h,v)=(0.0pt,0.0pt)
* modes: 
* h-part:(L,W,R)=(72.26999pt, 452.9679pt, 72.26999pt)
* v-part:(T,H,B)=(72.26999pt, 700.50687pt, 72.26999pt)
* \paperwidth=597.50787pt
* \paperheight=845.04684pt
* \textwidth=452.9679pt
* \textheight=700.50687pt
* \oddsidemargin=0.0pt
* \evensidemargin=0.0pt
* \topmargin=-37.0pt
* \headheight=12.0pt
* \headsep=25.0pt
* \topskip=10.0pt
* \footskip=30.0pt
* \marginparwidth=65.0pt
* \marginparsep=11.0pt
* \columnsep=10.0pt
* \skip\footins=9.0pt plus 4.0pt minus 2.0pt
* \hoffset=0.0pt
* \voffset=0.0pt
* \mag=1000
* \@twocolumnfalse
* \@twosidefalse
* \@mparswitchfalse
* \@reversemarginfalse
* (1in=72.27pt=25.4mm, 1cm=28.453pt)

Package caption Info: Begin \AtBeginDocument code.
Package caption Info: End \AtBeginDocument code.
(C:\Program Files\MiKTeX\tex/context/base/mkii\supp-pdf.mkii
[Loading MPS to PDF converter (version 2006.09.02).]
\scratchcounter=\count270
\scratchdimen=\dimen175
\scratchbox=\box56
\nofMPsegments=\count271
\nofMParguments=\count272
\everyMPshowfont=\toks24
\MPscratchCnt=\count273
\MPscratchDim=\dimen176
\MPnumerator=\count274
\makeMPintoPDFobject=\count275
\everyMPtoPDFconversion=\toks25
) (C:\Program Files\MiKTeX\tex/latex/epstopdf-pkg\epstopdf-base.sty
Package: epstopdf-base 2020-01-24 v2.11 Base part for package epstopdf
Package epstopdf-base Info: Redefining graphics rule for `.eps' on input line 4
85.

(C:\Program Files\MiKTeX\tex/latex/00miktex\epstopdf-sys.cfg
File: epstopdf-sys.cfg 2021/03/18 v2.0 Configuration of epstopdf for MiKTeX
))
LaTeX Font Info:    External font `cmex10' loaded for size
(Font)              <12> on input line 39.
LaTeX Font Info:    External font `cmex10' loaded for size
(Font)              <8> on input line 39.
LaTeX Font Info:    External font `cmex10' loaded for size
(Font)              <6> on input line 39.


LaTeX Warning: No \author given.

(Doc_Ranking_cadastro.toc [1

{C:/Users/mathe/AppData/Local/MiKTeX/fonts/map/pdftex/pdftex.map}])
\tf@toc=\write3
\openout3 = `Doc_Ranking_cadastro.toc'.

 [2]
Overfull \hbox (18.19997pt too wide) in paragraph at lines 77--94
 [] 
 []

[3]
Underfull \hbox (badness 2837) in paragraph at lines 105--106
[]|\OT1/cmr/m/n/12 O sis-tema de geren-ci-a-mento de banco de da-dos
 []


Overfull \hbox (18.19997pt too wide) in paragraph at lines 101--118
 [] 
 []


Overfull \hbox (18.19997pt too wide) in paragraph at lines 125--142
 [] 
 []

[4]
Overfull \hbox (18.19997pt too wide) in paragraph at lines 149--166
 [] 
 []


Overfull \hbox (18.19997pt too wide) in paragraph at lines 174--191
 [] 
 []

[5]
Overfull \hbox (18.19997pt too wide) in paragraph at lines 200--217
 [] 
 []


Overfull \hbox (18.19997pt too wide) in paragraph at lines 225--242
 [] 
 []

[6]
Overfull \hbox (18.19997pt too wide) in paragraph at lines 250--267
 [] 
 []


Overfull \hbox (18.19997pt too wide) in paragraph at lines 276--293
 [] 
 []

[7]
Overfull \hbox (18.19997pt too wide) in paragraph at lines 302--319
 [] 
 []


Package enumitem Warning: Negative labelwidth. This does not make much
(enumitem)                sense, on input line 324.

LaTeX Font Info:    External font `cmex10' loaded for size
(Font)              <7> on input line 325.
LaTeX Font Info:    External font `cmex10' loaded for size
(Font)              <5> on input line 325.

Overfull \hbox (1.20772pt too wide) in paragraph at lines 333--334
[]\OT1/cmr/m/n/10 O in-ter-nauta acessa a p^^Sagina de cadas-
 []

[8]

Package enumitem Warning: Negative labelwidth. This does not make much
(enumitem)                sense, on input line 350.


Package enumitem Warning: Negative labelwidth. This does not make much
(enumitem)                sense, on input line 374.

[9]

Package enumitem Warning: Negative labelwidth. This does not make much
(enumitem)                sense, on input line 403.

[10]

Package enumitem Warning: Negative labelwidth. This does not make much
(enumitem)                sense, on input line 422.

<imagens/UseCaseDiagram1.jpg, id=39, 1147.28625pt x 540.0175pt>
File: imagens/UseCaseDiagram1.jpg Graphic file (type jpg)
<use imagens/UseCaseDiagram1.jpg>
Package pdftex.def Info: imagens/UseCaseDiagram1.jpg  used on input line 447.
(pdftex.def)             Requested size: 498.26744pt x 234.52667pt.

Overfull \hbox (45.29955pt too wide) in paragraph at lines 447--448
[] 
 []

<imagens/ClassDiagram1.jpg, id=40, 1343.0175pt x 1383.1675pt>
File: imagens/ClassDiagram1.jpg Graphic file (type jpg)
<use imagens/ClassDiagram1.jpg>
Package pdftex.def Info: imagens/ClassDiagram1.jpg  used on input line 452.
(pdftex.def)             Requested size: 498.26744pt x 513.15692pt.

Overfull \hbox (45.29955pt too wide) in paragraph at lines 452--453
[] 
 []

<imagens/Cadastro.png, id=41, 1927.2pt x 1084.05pt>
File: imagens/Cadastro.png Graphic file (type png)
<use imagens/Cadastro.png>
Package pdftex.def Info: imagens/Cadastro.png  used on input line 460.
(pdftex.def)             Requested size: 452.9679pt x 254.78487pt.
<imagens/Login.png, id=43, 1927.2pt x 1084.05pt>
File: imagens/Login.png Graphic file (type png)
<use imagens/Login.png>
Package pdftex.def Info: imagens/Login.png  used on input line 464.
(pdftex.def)             Requested size: 452.9679pt x 254.78487pt.
<imagens/Rank.png, id=44, 1927.2pt x 1084.05pt>
File: imagens/Rank.png Graphic file (type png)
<use imagens/Rank.png>
Package pdftex.def Info: imagens/Rank.png  used on input line 471.
(pdftex.def)             Requested size: 452.9679pt x 254.78487pt.
<imagens/Rank_busca.png, id=45, 1927.2pt x 1123.19624pt>
File: imagens/Rank_busca.png Graphic file (type png)
<use imagens/Rank_busca.png>
Package pdftex.def Info: imagens/Rank_busca.png  used on input line 475.
(pdftex.def)             Requested size: 452.9679pt x 263.98543pt.
[11] [12 <./imagens/UseCaseDiagram1.jpg>] [13 <./imagens/ClassDiagram1.jpg>]
[14 <./imagens/Cadastro.png> <./imagens/Login.png>] [15 <./imagens/Rank.png> <.
/imagens/Rank_busca.png>] (Doc_Ranking_cadastro.aux)
 ***********
LaTeX2e <2023-06-01> patch level 1
L3 programming layer <2023-08-29>
 ***********
 ) 
Here is how much of TeX's memory you used:
 4597 strings out of 475247
 77440 string characters out of 5767607
 1927785 words of memory out of 5000000
 26090 multiletter control sequences out of 15000+600000
 567570 words of font info for 67 fonts, out of 8000000 for 9000
 1141 hyphenation exceptions out of 8191
 57i,15n,65p,479b,355s stack positions out of 10000i,1000n,20000p,200000b,200000s
 <C:\Users\mathe\AppData\Local\MiKTeX\fonts/pk/ljfour/jknappen/ec/dpi600\tcrm
1000.pk><C:/Program Files/MiKTeX/fonts/type1/public/amsfonts/cm/cmbx10.pfb><C:/
Program Files/MiKTeX/fonts/type1/public/amsfonts/cm/cmbx12.pfb><C:/Program File
s/MiKTeX/fonts/type1/public/amsfonts/cm/cmr10.pfb><C:/Program Files/MiKTeX/font
s/type1/public/amsfonts/cm/cmr12.pfb><C:/Program Files/MiKTeX/fonts/type1/publi
c/amsfonts/cm/cmr17.pfb>
Output written on Doc_Ranking_cadastro.pdf (15 pages, 1213355 bytes).
PDF statistics:
 92 PDF objects out of 1000 (max. 8388607)
 0 named destinations out of 1000 (max. 500000)
 31 words of extra memory for PDF output out of 10000 (max. 10000000)

